<?xml version="1.0" encoding="UTF-8"?>
<!-- Generated by org.testng.reporters.JUnitReportReporter -->
<testsuite skipped="0" hostname="Akshay" name="Academy.HomePage" tests="2" failures="0" timestamp="2020-04-25T00:29:55 IST" time="18.759" errors="0">
  <testcase name="basePageNavigation" time="7.608" classname="Academy.HomePage"/>
  <testcase name="basePageNavigation" time="11.151" classname="Academy.HomePage"/>
</testsuite> <!-- Academy.HomePage -->
