<?xml version="1.0" encoding="UTF-8"?>
<!-- Generated by org.testng.reporters.JUnitReportReporter -->
<testsuite skipped="0" hostname="Akshay" name="Academy.WindowHandleTest" tests="2" failures="0" timestamp="2020-05-21T15:15:50 IST" time="38.007" errors="0">
  <testcase name="windowHandleTest" time="11.290" classname="Academy.WindowHandleTest"/>
  <testcase name="getTitleOnEachTab" time="26.717" classname="Academy.WindowHandleTest"/>
</testsuite> <!-- Academy.WindowHandleTest -->
