<?xml version="1.0" encoding="UTF-8"?>
<!-- Generated by org.testng.reporters.JUnitReportReporter -->
<testsuite skipped="0" hostname="Akshay" name="Academy.validateNavigationBar" tests="1" failures="0" timestamp="2020-04-25T00:29:55 IST" time="0.158" errors="0">
  <testcase name="validateAppNavBar" time="0.158" classname="Academy.validateNavigationBar"/>
</testsuite> <!-- Academy.validateNavigationBar -->
