<?xml version="1.0" encoding="UTF-8"?>
<!-- Generated by org.testng.reporters.JUnitReportReporter -->
<testsuite skipped="0" hostname="Akshay" name="Academy.validateTitle" tests="1" failures="0" timestamp="2020-05-21T13:51:16 IST" time="0.186" errors="0">
  <testcase name="validateAppTitle" time="0.186" classname="Academy.validateTitle"/>
</testsuite> <!-- Academy.validateTitle -->
