<?xml version="1.0" encoding="UTF-8"?>
<!-- Generated by org.testng.reporters.JUnitReportReporter -->
<testsuite skipped="0" hostname="Akshay" name="Academy.LinksCountTest" tests="1" failures="0" timestamp="2020-05-21T14:22:39 IST" time="0.584" errors="0">
  <testcase name="linkCountInPage" time="0.584" classname="Academy.LinksCountTest"/>
</testsuite> <!-- Academy.LinksCountTest -->
