<?xml version="1.0" encoding="UTF-8"?>
<!-- Generated by org.testng.reporters.JUnitReportReporter -->
<testsuite skipped="0" hostname="Akshay" name="guru99.DynamicWebTable_02" tests="1" failures="0" timestamp="2020-05-24T19:49:55 IST" time="0.569" errors="0">
  <testcase name="dynamicWebTableTest" time="0.569" classname="guru99.DynamicWebTable_02"/>
</testsuite> <!-- guru99.DynamicWebTable_02 -->
