<?xml version="1.0" encoding="UTF-8"?>
<!-- Generated by org.testng.reporters.JUnitReportReporter -->
<testsuite skipped="0" hostname="Akshay" name="guru99.DynamicWebTable_01" tests="1" failures="0" timestamp="2020-05-22T17:39:08 IST" time="0.043" errors="0">
  <testcase name="dynamicWebTableTest" time="0.043" classname="guru99.DynamicWebTable_01"/>
</testsuite> <!-- guru99.DynamicWebTable_01 -->
