<?xml version="1.0" encoding="UTF-8"?>
<!-- Generated by org.testng.reporters.JUnitReportReporter -->
<testsuite skipped="0" hostname="Akshay" name="practice.AmazonIPhone" tests="1" failures="0" timestamp="2020-08-23T04:32:57 IST" time="6.108" errors="0">
  <testcase name="filterPrice" time="6.108" classname="practice.AmazonIPhone"/>
</testsuite> <!-- practice.AmazonIPhone -->
